#
# There is insufficient memory for the Java Runtime Environment to continue.
# Native memory allocation (malloc) failed to allocate 1666256 bytes for Chunk::new
# Possible reasons:
#   The system is out of physical RAM or swap space
#   The process is running with CompressedOops enabled, and the Java Heap may be blocking the growth of the native heap
# Possible solutions:
#   Reduce memory load on the system
#   Increase physical memory or swap space
#   Check if swap backing store is full
#   Decrease Java heap size (-Xmx/-Xms)
#   Decrease number of Java threads
#   Decrease Java thread stack sizes (-Xss)
#   Set larger code cache with -XX:ReservedCodeCacheSize=
#   JVM is running with Zero Based Compressed Oops mode in which the Java heap is
#     placed in the first 32GB address space. The Java Heap base address is the
#     maximum limit for the native heap growth. Please use -XX:HeapBaseMinAddress
#     to set the Java Heap base and to place the Java Heap above 32GB virtual address.
# This output file may be truncated or incomplete.
#
#  Out of Memory Error (arena.cpp:189), pid=15988, tid=18144
#
# JRE version: Java(TM) SE Runtime Environment (17.0.10+11) (build 17.0.10+11-LTS-240)
# Java VM: Java HotSpot(TM) 64-Bit Server VM (17.0.10+11-LTS-240, mixed mode, sharing, tiered, compressed oops, compressed class ptrs, g1 gc, windows-amd64)
# No core dump will be written. Minidumps are not enabled by default on client versions of Windows
#

---------------  S U M M A R Y ------------

Command Line: org.jetbrains.kotlin.cli.jvm.K2JVMCompiler @C:\Users\91738\OneDrive\Desktop\IPO\node_modules\react-native-screens\android\build\20240907_5870847577883102054.compiler.options

Host: AMD Ryzen 5 3500U with Radeon Vega Mobile Gfx  , 8 cores, 13G,  Windows 11 , 64 bit Build 22621 (10.0.22621.3958)
Time: Sat Sep  7 12:29:42 2024 India Standard Time elapsed time: 40.662090 seconds (0d 0h 0m 40s)

---------------  T H R E A D  ---------------

Current thread (0x0000020f7a6c73a0):  JavaThread "C2 CompilerThread1" daemon [_thread_in_native, id=18144, stack(0x000000a11ce00000,0x000000a11cf00000)]


Current CompileTask:
C2:  40662 11814       4       org.jetbrains.kotlin.types.KotlinType::equals (56 bytes)

Stack: [0x000000a11ce00000,0x000000a11cf00000]
Native frames: (J=compiled Java code, j=interpreted, Vv=VM code, C=native code)
V  [jvm.dll+0x677a5a]
V  [jvm.dll+0x7d8b2d]
V  [jvm.dll+0x7da48e]
V  [jvm.dll+0x7daaf3]
V  [jvm.dll+0x2455ff]
V  [jvm.dll+0xaaafb]
V  [jvm.dll+0xab09c]
V  [jvm.dll+0x361b5f]
V  [jvm.dll+0x1bb3ca]
V  [jvm.dll+0x217aa7]
V  [jvm.dll+0x216d81]
V  [jvm.dll+0x1a3410]
V  [jvm.dll+0x226aeb]
V  [jvm.dll+0x224cab]
V  [jvm.dll+0x78e45c]
V  [jvm.dll+0x78888a]
V  [jvm.dll+0x676935]
C  [ucrtbase.dll+0x29333]
C  [KERNEL32.DLL+0x1257d]
C  [ntdll.dll+0x5af28]


---------------  P R O C E S S  ---------------

Threads class SMR info:
_java_thread_list=0x0000020f7a50c1c0, length=14, elements={
0x0000020f51139a70, 0x0000020f72b9b460, 0x0000020f72b9c1f0, 0x0000020f72bb2b20,
0x0000020f72bb33f0, 0x0000020f72bb3cc0, 0x0000020f72bb4590, 0x0000020f72bb69f0,
0x0000020f72bb7b50, 0x0000020f72bd68c0, 0x0000020f7711fc00, 0x0000020f771277c0,
0x0000020f7a6c73a0, 0x0000020f7a6c6e50
}

Java Threads: ( => current thread )
  0x0000020f51139a70 JavaThread "main" [_thread_in_vm, id=17416, stack(0x000000a11b600000,0x000000a11b700000)]
  0x0000020f72b9b460 JavaThread "Reference Handler" daemon [_thread_blocked, id=13304, stack(0x000000a11bd00000,0x000000a11be00000)]
  0x0000020f72b9c1f0 JavaThread "Finalizer" daemon [_thread_blocked, id=12568, stack(0x000000a11be00000,0x000000a11bf00000)]
  0x0000020f72bb2b20 JavaThread "Signal Dispatcher" daemon [_thread_blocked, id=18228, stack(0x000000a11bf00000,0x000000a11c000000)]
  0x0000020f72bb33f0 JavaThread "Attach Listener" daemon [_thread_blocked, id=3276, stack(0x000000a11c000000,0x000000a11c100000)]
  0x0000020f72bb3cc0 JavaThread "Service Thread" daemon [_thread_blocked, id=18356, stack(0x000000a11c100000,0x000000a11c200000)]
  0x0000020f72bb4590 JavaThread "Monitor Deflation Thread" daemon [_thread_blocked, id=11232, stack(0x000000a11c200000,0x000000a11c300000)]
  0x0000020f72bb69f0 JavaThread "C2 CompilerThread0" daemon [_thread_in_native, id=13296, stack(0x000000a11c300000,0x000000a11c400000)]
  0x0000020f72bb7b50 JavaThread "C1 CompilerThread0" daemon [_thread_blocked, id=3188, stack(0x000000a11c400000,0x000000a11c500000)]
  0x0000020f72bd68c0 JavaThread "Sweeper thread" daemon [_thread_blocked, id=12936, stack(0x000000a11c500000,0x000000a11c600000)]
  0x0000020f7711fc00 JavaThread "Notification Thread" daemon [_thread_blocked, id=13400, stack(0x000000a11c600000,0x000000a11c700000)]
  0x0000020f771277c0 JavaThread "Common-Cleaner" daemon [_thread_blocked, id=8200, stack(0x000000a11c800000,0x000000a11c900000)]
=>0x0000020f7a6c73a0 JavaThread "C2 CompilerThread1" daemon [_thread_in_native, id=18144, stack(0x000000a11ce00000,0x000000a11cf00000)]
  0x0000020f7a6c6e50 JavaThread "C2 CompilerThread2" daemon [_thread_in_native, id=2000, stack(0x000000a11d300000,0x000000a11d400000)]

Other Threads:
  0x0000020f72b981b0 VMThread "VM Thread" [stack: 0x000000a11bc00000,0x000000a11bd00000] [id=18276]
  0x0000020f77127120 WatcherThread [stack: 0x000000a11c700000,0x000000a11c800000] [id=16996]
  0x0000020f51199b00 GCTaskThread "GC Thread#0" [stack: 0x000000a11b700000,0x000000a11b800000] [id=11552]
  0x0000020f7761bcc0 GCTaskThread "GC Thread#1" [stack: 0x000000a11c900000,0x000000a11ca00000] [id=5864]
  0x0000020f7761bf80 GCTaskThread "GC Thread#2" [stack: 0x000000a11ca00000,0x000000a11cb00000] [id=3004]
  0x0000020f7761c240 GCTaskThread "GC Thread#3" [stack: 0x000000a11cb00000,0x000000a11cc00000] [id=17012]
  0x0000020f7761c500 GCTaskThread "GC Thread#4" [stack: 0x000000a11cc00000,0x000000a11cd00000] [id=9736]
  0x0000020f776176a0 GCTaskThread "GC Thread#5" [stack: 0x000000a11cd00000,0x000000a11ce00000] [id=9944]
  0x0000020f77b5efd0 GCTaskThread "GC Thread#6" [stack: 0x000000a11d000000,0x000000a11d100000] [id=4392]
  0x0000020f780cfb50 GCTaskThread "GC Thread#7" [stack: 0x000000a11d100000,0x000000a11d200000] [id=7748]
  0x0000020f511a88e0 ConcurrentGCThread "G1 Main Marker" [stack: 0x000000a11b800000,0x000000a11b900000] [id=2488]
  0x0000020f511aa300 ConcurrentGCThread "G1 Conc#0" [stack: 0x000000a11b900000,0x000000a11ba00000] [id=4840]
  0x0000020f77d3a650 ConcurrentGCThread "G1 Conc#1" [stack: 0x000000a11cf00000,0x000000a11d000000] [id=17928]
  0x0000020f72a534e0 ConcurrentGCThread "G1 Refine#0" [stack: 0x000000a11ba00000,0x000000a11bb00000] [id=3808]
  0x0000020f7ac3b130 ConcurrentGCThread "G1 Refine#1" [stack: 0x000000a11d200000,0x000000a11d300000] [id=10604]
  0x0000020f72a53e20 ConcurrentGCThread "G1 Service" [stack: 0x000000a11bb00000,0x000000a11bc00000] [id=17996]

Threads with active compile tasks:
C2 CompilerThread0    40712 11446       4       org.jetbrains.kotlin.types.checker.KotlinTypePreparator::prepareType (158 bytes)
C2 CompilerThread1    40712 11814       4       org.jetbrains.kotlin.types.KotlinType::equals (56 bytes)
C2 CompilerThread2    40713 11399       4       org.jetbrains.kotlin.types.checker.KotlinTypePreparator::prepareType (9 bytes)

VM state: not at safepoint (normal execution)

VM Mutex/Monitor currently owned by a thread: None

Heap address: 0x0000000721600000, size: 3562 MB, Compressed Oops mode: Zero based, Oop shift amount: 3

CDS archive(s) mapped at: [0x0000020f00000000-0x0000020f00bd0000-0x0000020f00bd0000), size 12386304, SharedBaseAddress: 0x0000020f00000000, ArchiveRelocationMode: 1.
Compressed class space mapped at: 0x0000020f01000000-0x0000020f41000000, reserved size: 1073741824
Narrow klass base: 0x0000020f00000000, Narrow klass shift: 0, Narrow klass range: 0x100000000

GC Precious Log:
 CPUs: 8 total, 8 available
 Memory: 14247M
 Large Page Support: Disabled
 NUMA Support: Disabled
 Compressed Oops: Enabled (Zero based)
 Heap Region Size: 2M
 Heap Min Capacity: 8M
 Heap Initial Capacity: 224M
 Heap Max Capacity: 3562M
 Pre-touch: Disabled
 Parallel Workers: 8
 Concurrent Workers: 2
 Concurrent Refinement Workers: 8
 Periodic GC: Disabled

Heap:
 garbage-first heap   total 196608K, used 142742K [0x0000000721600000, 0x0000000800000000)
  region size 2048K, 40 young (81920K), 4 survivors (8192K)
 Metaspace       used 55495K, committed 55808K, reserved 1114112K
  class space    used 6284K, committed 6464K, reserved 1048576K

Heap Regions: E=young(eden), S=young(survivor), O=old, HS=humongous(starts), HC=humongous(continues), CS=collection set, F=free, OA=open archive, CA=closed archive, TAMS=top-at-mark-start (previous, next)
|   0|0x0000000721600000, 0x0000000721800000, 0x0000000721800000|100%|HS|  |TAMS 0x0000000721800000, 0x0000000721600000| Complete 
|   1|0x0000000721800000, 0x0000000721a00000, 0x0000000721a00000|100%|HC|  |TAMS 0x0000000721a00000, 0x0000000721800000| Complete 
|   2|0x0000000721a00000, 0x0000000721c00000, 0x0000000721c00000|100%| O|  |TAMS 0x0000000721c00000, 0x0000000721a00000| Untracked 
|   3|0x0000000721c00000, 0x0000000721e00000, 0x0000000721e00000|100%|HS|  |TAMS 0x0000000721e00000, 0x0000000721c00000| Complete 
|   4|0x0000000721e00000, 0x0000000722000000, 0x0000000722000000|100%| O|  |TAMS 0x0000000722000000, 0x0000000721e00000| Untracked 
|   5|0x0000000722000000, 0x0000000722200000, 0x0000000722200000|100%| O|  |TAMS 0x0000000722200000, 0x0000000722000000| Untracked 
|   6|0x0000000722200000, 0x0000000722400000, 0x0000000722400000|100%| O|  |TAMS 0x0000000722400000, 0x0000000722200000| Untracked 
|   7|0x0000000722400000, 0x0000000722600000, 0x0000000722600000|100%| O|  |TAMS 0x0000000722600000, 0x0000000722400000| Untracked 
|   8|0x0000000722600000, 0x0000000722800000, 0x0000000722800000|100%| O|  |TAMS 0x0000000722800000, 0x0000000722600000| Untracked 
|   9|0x0000000722800000, 0x0000000722a00000, 0x0000000722a00000|100%| O|  |TAMS 0x0000000722800000, 0x0000000722800000| Untracked 
|  10|0x0000000722a00000, 0x0000000722c00000, 0x0000000722c00000|100%| O|  |TAMS 0x0000000722a00000, 0x0000000722a00000| Untracked 
|  11|0x0000000722c00000, 0x0000000722e00000, 0x0000000722e00000|100%| O|  |TAMS 0x0000000722c00000, 0x0000000722c00000| Untracked 
|  12|0x0000000722e00000, 0x0000000723000000, 0x0000000723000000|100%| O|  |TAMS 0x0000000722e00000, 0x0000000722e00000| Untracked 
|  13|0x0000000723000000, 0x0000000723200000, 0x0000000723200000|100%| O|  |TAMS 0x0000000723000000, 0x0000000723000000| Untracked 
|  14|0x0000000723200000, 0x0000000723400000, 0x0000000723400000|100%| O|  |TAMS 0x0000000723200000, 0x0000000723200000| Untracked 
|  15|0x0000000723400000, 0x0000000723600000, 0x0000000723600000|100%| O|  |TAMS 0x0000000723400000, 0x0000000723400000| Untracked 
|  16|0x0000000723600000, 0x0000000723800000, 0x0000000723800000|100%| O|  |TAMS 0x0000000723600000, 0x0000000723600000| Untracked 
|  17|0x0000000723800000, 0x0000000723a00000, 0x0000000723a00000|100%| O|  |TAMS 0x0000000723800000, 0x0000000723800000| Untracked 
|  18|0x0000000723a00000, 0x0000000723c00000, 0x0000000723c00000|100%| O|  |TAMS 0x0000000723a00000, 0x0000000723a00000| Untracked 
|  19|0x0000000723c00000, 0x0000000723e00000, 0x0000000723e00000|100%| O|  |TAMS 0x0000000723c00000, 0x0000000723c00000| Untracked 
|  20|0x0000000723e00000, 0x0000000724000000, 0x0000000724000000|100%| O|  |TAMS 0x0000000723e00000, 0x0000000723e00000| Untracked 
|  21|0x0000000724000000, 0x0000000724200000, 0x0000000724200000|100%| O|  |TAMS 0x0000000724000000, 0x0000000724000000| Untracked 
|  22|0x0000000724200000, 0x0000000724400000, 0x0000000724400000|100%| O|  |TAMS 0x0000000724200000, 0x0000000724200000| Untracked 
|  23|0x0000000724400000, 0x0000000724600000, 0x0000000724600000|100%| O|  |TAMS 0x0000000724400000, 0x0000000724400000| Untracked 
|  24|0x0000000724600000, 0x0000000724800000, 0x0000000724800000|100%| O|  |TAMS 0x0000000724600000, 0x0000000724600000| Untracked 
|  25|0x0000000724800000, 0x0000000724a00000, 0x0000000724a00000|100%| O|  |TAMS 0x0000000724800000, 0x0000000724800000| Untracked 
|  26|0x0000000724a00000, 0x0000000724c00000, 0x0000000724c00000|100%| O|  |TAMS 0x0000000724a00000, 0x0000000724a00000| Untracked 
|  27|0x0000000724c00000, 0x0000000724e00000, 0x0000000724e00000|100%| O|  |TAMS 0x0000000724c00000, 0x0000000724c00000| Untracked 
|  28|0x0000000724e00000, 0x0000000725000000, 0x0000000725000000|100%| O|  |TAMS 0x0000000724e00000, 0x0000000724e00000| Untracked 
|  29|0x0000000725000000, 0x0000000725170c00, 0x0000000725200000| 72%| O|  |TAMS 0x0000000725000000, 0x0000000725000000| Untracked 
|  30|0x0000000725200000, 0x0000000725400000, 0x0000000725400000|100%|HS|  |TAMS 0x0000000725200000, 0x0000000725200000| Complete 
|  31|0x0000000725400000, 0x0000000725400000, 0x0000000725600000|  0%| F|  |TAMS 0x0000000725400000, 0x0000000725400000| Untracked 
|  32|0x0000000725600000, 0x0000000725600000, 0x0000000725800000|  0%| F|  |TAMS 0x0000000725600000, 0x0000000725600000| Untracked 
|  33|0x0000000725800000, 0x0000000725800000, 0x0000000725a00000|  0%| F|  |TAMS 0x0000000725800000, 0x0000000725800000| Untracked 
|  34|0x0000000725a00000, 0x0000000725a00000, 0x0000000725c00000|  0%| F|  |TAMS 0x0000000725a00000, 0x0000000725a00000| Untracked 
|  35|0x0000000725c00000, 0x0000000725c00000, 0x0000000725e00000|  0%| F|  |TAMS 0x0000000725c00000, 0x0000000725c00000| Untracked 
|  36|0x0000000725e00000, 0x0000000725e00000, 0x0000000726000000|  0%| F|  |TAMS 0x0000000725e00000, 0x0000000725e00000| Untracked 
|  37|0x0000000726000000, 0x0000000726000000, 0x0000000726200000|  0%| F|  |TAMS 0x0000000726000000, 0x0000000726000000| Untracked 
|  38|0x0000000726200000, 0x0000000726200000, 0x0000000726400000|  0%| F|  |TAMS 0x0000000726200000, 0x0000000726200000| Untracked 
|  39|0x0000000726400000, 0x0000000726400000, 0x0000000726600000|  0%| F|  |TAMS 0x0000000726400000, 0x0000000726400000| Untracked 
|  40|0x0000000726600000, 0x0000000726600000, 0x0000000726800000|  0%| F|  |TAMS 0x0000000726600000, 0x0000000726600000| Untracked 
|  41|0x0000000726800000, 0x0000000726800000, 0x0000000726a00000|  0%| F|  |TAMS 0x0000000726800000, 0x0000000726800000| Untracked 
|  42|0x0000000726a00000, 0x0000000726a00000, 0x0000000726c00000|  0%| F|  |TAMS 0x0000000726a00000, 0x0000000726a00000| Untracked 
|  43|0x0000000726c00000, 0x0000000726c00000, 0x0000000726e00000|  0%| F|  |TAMS 0x0000000726c00000, 0x0000000726c00000| Untracked 
|  44|0x0000000726e00000, 0x0000000726e00000, 0x0000000727000000|  0%| F|  |TAMS 0x0000000726e00000, 0x0000000726e00000| Untracked 
|  45|0x0000000727000000, 0x0000000727000000, 0x0000000727200000|  0%| F|  |TAMS 0x0000000727000000, 0x0000000727000000| Untracked 
|  46|0x0000000727200000, 0x0000000727200000, 0x0000000727400000|  0%| F|  |TAMS 0x0000000727200000, 0x0000000727200000| Untracked 
|  47|0x0000000727400000, 0x0000000727400000, 0x0000000727600000|  0%| F|  |TAMS 0x0000000727400000, 0x0000000727400000| Untracked 
|  48|0x0000000727600000, 0x0000000727600000, 0x0000000727800000|  0%| F|  |TAMS 0x0000000727600000, 0x0000000727600000| Untracked 
|  49|0x0000000727800000, 0x0000000727800000, 0x0000000727a00000|  0%| F|  |TAMS 0x0000000727800000, 0x0000000727800000| Untracked 
|  50|0x0000000727a00000, 0x0000000727a00000, 0x0000000727c00000|  0%| F|  |TAMS 0x0000000727a00000, 0x0000000727a00000| Untracked 
|  51|0x0000000727c00000, 0x0000000727c00000, 0x0000000727e00000|  0%| F|  |TAMS 0x0000000727c00000, 0x0000000727c00000| Untracked 
|  52|0x0000000727e00000, 0x0000000727e00000, 0x0000000728000000|  0%| F|  |TAMS 0x0000000727e00000, 0x0000000727e00000| Untracked 
|  53|0x0000000728000000, 0x0000000728000000, 0x0000000728200000|  0%| F|  |TAMS 0x0000000728000000, 0x0000000728000000| Untracked 
|  54|0x0000000728200000, 0x0000000728200000, 0x0000000728400000|  0%| F|  |TAMS 0x0000000728200000, 0x0000000728200000| Untracked 
|  55|0x0000000728400000, 0x00000007285f4de0, 0x0000000728600000| 97%| S|CS|TAMS 0x0000000728400000, 0x0000000728400000| Complete 
|  56|0x0000000728600000, 0x0000000728800000, 0x0000000728800000|100%| S|CS|TAMS 0x0000000728600000, 0x0000000728600000| Complete 
|  57|0x0000000728800000, 0x0000000728a00000, 0x0000000728a00000|100%| S|CS|TAMS 0x0000000728800000, 0x0000000728800000| Complete 
|  58|0x0000000728a00000, 0x0000000728c00000, 0x0000000728c00000|100%| S|CS|TAMS 0x0000000728a00000, 0x0000000728a00000| Complete 
|  59|0x0000000728c00000, 0x0000000728c00000, 0x0000000728e00000|  0%| F|  |TAMS 0x0000000728c00000, 0x0000000728c00000| Untracked 
|  60|0x0000000728e00000, 0x0000000728f00800, 0x0000000729000000| 50%| E|  |TAMS 0x0000000728e00000, 0x0000000728e00000| Complete 
|  61|0x0000000729000000, 0x0000000729200000, 0x0000000729200000|100%| E|CS|TAMS 0x0000000729000000, 0x0000000729000000| Complete 
|  62|0x0000000729200000, 0x0000000729400000, 0x0000000729400000|100%| E|CS|TAMS 0x0000000729200000, 0x0000000729200000| Complete 
|  63|0x0000000729400000, 0x0000000729600000, 0x0000000729600000|100%| E|CS|TAMS 0x0000000729400000, 0x0000000729400000| Complete 
|  64|0x0000000729600000, 0x0000000729800000, 0x0000000729800000|100%| E|CS|TAMS 0x0000000729600000, 0x0000000729600000| Complete 
|  65|0x0000000729800000, 0x0000000729a00000, 0x0000000729a00000|100%| E|CS|TAMS 0x0000000729800000, 0x0000000729800000| Complete 
|  66|0x0000000729a00000, 0x0000000729c00000, 0x0000000729c00000|100%| E|CS|TAMS 0x0000000729a00000, 0x0000000729a00000| Complete 
|  67|0x0000000729c00000, 0x0000000729e00000, 0x0000000729e00000|100%| E|CS|TAMS 0x0000000729c00000, 0x0000000729c00000| Complete 
|  68|0x0000000729e00000, 0x000000072a000000, 0x000000072a000000|100%| E|CS|TAMS 0x0000000729e00000, 0x0000000729e00000| Complete 
|  69|0x000000072a000000, 0x000000072a200000, 0x000000072a200000|100%| E|CS|TAMS 0x000000072a000000, 0x000000072a000000| Complete 
|  70|0x000000072a200000, 0x000000072a400000, 0x000000072a400000|100%| E|CS|TAMS 0x000000072a200000, 0x000000072a200000| Complete 
|  71|0x000000072a400000, 0x000000072a600000, 0x000000072a600000|100%| E|CS|TAMS 0x000000072a400000, 0x000000072a400000| Complete 
|  72|0x000000072a600000, 0x000000072a800000, 0x000000072a800000|100%| E|CS|TAMS 0x000000072a600000, 0x000000072a600000| Complete 
|  73|0x000000072a800000, 0x000000072aa00000, 0x000000072aa00000|100%| E|CS|TAMS 0x000000072a800000, 0x000000072a800000| Complete 
|  74|0x000000072aa00000, 0x000000072ac00000, 0x000000072ac00000|100%| E|CS|TAMS 0x000000072aa00000, 0x000000072aa00000| Complete 
|  75|0x000000072ac00000, 0x000000072ae00000, 0x000000072ae00000|100%| E|CS|TAMS 0x000000072ac00000, 0x000000072ac00000| Complete 
|  76|0x000000072ae00000, 0x000000072b000000, 0x000000072b000000|100%| E|CS|TAMS 0x000000072ae00000, 0x000000072ae00000| Complete 
|  77|0x000000072b000000, 0x000000072b200000, 0x000000072b200000|100%| E|CS|TAMS 0x000000072b000000, 0x000000072b000000| Complete 
|  78|0x000000072b200000, 0x000000072b400000, 0x000000072b400000|100%| E|CS|TAMS 0x000000072b200000, 0x000000072b200000| Complete 
|  79|0x000000072b400000, 0x000000072b600000, 0x000000072b600000|100%| E|CS|TAMS 0x000000072b400000, 0x000000072b400000| Complete 
|  80|0x000000072b600000, 0x000000072b800000, 0x000000072b800000|100%| E|CS|TAMS 0x000000072b600000, 0x000000072b600000| Complete 
|  81|0x000000072b800000, 0x000000072ba00000, 0x000000072ba00000|100%| E|CS|TAMS 0x000000072b800000, 0x000000072b800000| Complete 
|  82|0x000000072ba00000, 0x000000072bc00000, 0x000000072bc00000|100%| E|CS|TAMS 0x000000072ba00000, 0x000000072ba00000| Complete 
|  83|0x000000072bc00000, 0x000000072be00000, 0x000000072be00000|100%| E|CS|TAMS 0x000000072bc00000, 0x000000072bc00000| Complete 
|  84|0x000000072be00000, 0x000000072c000000, 0x000000072c000000|100%| E|CS|TAMS 0x000000072be00000, 0x000000072be00000| Complete 
|  85|0x000000072c000000, 0x000000072c200000, 0x000000072c200000|100%| E|CS|TAMS 0x000000072c000000, 0x000000072c000000| Complete 
|  86|0x000000072c200000, 0x000000072c400000, 0x000000072c400000|100%| E|CS|TAMS 0x000000072c200000, 0x000000072c200000| Complete 
|  87|0x000000072c400000, 0x000000072c600000, 0x000000072c600000|100%| E|CS|TAMS 0x000000072c400000, 0x000000072c400000| Complete 
|  88|0x000000072c600000, 0x000000072c800000, 0x000000072c800000|100%| E|CS|TAMS 0x000000072c600000, 0x000000072c600000| Complete 
|  89|0x000000072c800000, 0x000000072ca00000, 0x000000072ca00000|100%| E|CS|TAMS 0x000000072c800000, 0x000000072c800000| Complete 
|  90|0x000000072ca00000, 0x000000072cc00000, 0x000000072cc00000|100%| E|CS|TAMS 0x000000072ca00000, 0x000000072ca00000| Complete 
|  91|0x000000072cc00000, 0x000000072ce00000, 0x000000072ce00000|100%| E|CS|TAMS 0x000000072cc00000, 0x000000072cc00000| Complete 
|  93|0x000000072d000000, 0x000000072d200000, 0x000000072d200000|100%| E|CS|TAMS 0x000000072d000000, 0x000000072d000000| Complete 
|  94|0x000000072d200000, 0x000000072d400000, 0x000000072d400000|100%| E|CS|TAMS 0x000000072d200000, 0x000000072d200000| Complete 
|  95|0x000000072d400000, 0x000000072d600000, 0x000000072d600000|100%| E|CS|TAMS 0x000000072d400000, 0x000000072d400000| Complete 
| 111|0x000000072f400000, 0x000000072f600000, 0x000000072f600000|100%| E|CS|TAMS 0x000000072f400000, 0x000000072f400000| Complete 

Card table byte_map: [0x0000020f68400000,0x0000020f68b00000] _byte_map_base: 0x0000020f64af5000

Marking Bits (Prev, Next): (CMBitMap*) 0x0000020f5119a120, (CMBitMap*) 0x0000020f5119a160
 Prev Bits: [0x0000020f69200000, 0x0000020f6c9a8000)
 Next Bits: [0x0000020f6c9b0000, 0x0000020f70158000)

Polling page: 0x0000020f4f120000

Metaspace:

Usage:
  Non-class:     48.06 MB used.
      Class:      6.14 MB used.
       Both:     54.19 MB used.

Virtual space:
  Non-class space:       64.00 MB reserved,      48.19 MB ( 75%) committed,  1 nodes.
      Class space:        1.00 GB reserved,       6.31 MB ( <1%) committed,  1 nodes.
             Both:        1.06 GB reserved,      54.50 MB (  5%) committed. 

Chunk freelists:
   Non-Class:  14.70 MB
       Class:  9.75 MB
        Both:  24.45 MB

MaxMetaspaceSize: unlimited
CompressedClassSpaceSize: 1.00 GB
Initial GC threshold: 21.00 MB
Current GC threshold: 59.19 MB
CDS: on
MetaspaceReclaimPolicy: balanced
 - commit_granule_bytes: 65536.
 - commit_granule_words: 8192.
 - virtual_space_node_default_size: 8388608.
 - enlarge_chunks_in_place: 1.
 - new_chunks_are_fully_committed: 0.
 - uncommit_free_chunks: 1.
 - use_allocation_guard: 0.
 - handle_deallocations: 1.


Internal statistics:

num_allocs_failed_limit: 6.
num_arena_births: 312.
num_arena_deaths: 0.
num_vsnodes_births: 2.
num_vsnodes_deaths: 0.
num_space_committed: 870.
num_space_uncommitted: 0.
num_chunks_returned_to_freelist: 6.
num_chunks_taken_from_freelist: 2372.
num_chunk_merges: 6.
num_chunk_splits: 1844.
num_chunks_enlarged: 1594.
num_inconsistent_stats: 0.

CodeHeap 'non-profiled nmethods': size=120000Kb used=5543Kb max_used=5543Kb free=114456Kb
 bounds [0x0000020f604a0000, 0x0000020f60a30000, 0x0000020f679d0000]
CodeHeap 'profiled nmethods': size=120000Kb used=29716Kb max_used=29823Kb free=90283Kb
 bounds [0x0000020f589d0000, 0x0000020f5a700000, 0x0000020f5ff00000]
CodeHeap 'non-nmethods': size=5760Kb used=1302Kb max_used=1373Kb free=4457Kb
 bounds [0x0000020f5ff00000, 0x0000020f60170000, 0x0000020f604a0000]
 total_blobs=10424 nmethods=9815 adapters=519
 compilation: enabled
              stopped_count=0, restarted_count=0
 full_count=0

Compilation events (20 events):
Event: 40.548 Thread 0x0000020f72bb7b50 11971       2       javaslang.collection.HashMap::containsKey (11 bytes)
Event: 40.549 Thread 0x0000020f72bb7b50 nmethod 11971 0x0000020f59f8f590 code [0x0000020f59f8f740, 0x0000020f59f8f948]
Event: 40.551 Thread 0x0000020f72bb7b50 11973       2       org.jetbrains.kotlin.resolve.scopes.receivers.ImplicitClassReceiver::getOriginal (8 bytes)
Event: 40.551 Thread 0x0000020f72bb7b50 nmethod 11973 0x0000020f59f8f210 code [0x0000020f59f8f3a0, 0x0000020f59f8f4b8]
Event: 40.554 Thread 0x0000020f72bb7b50 11975       2       org.jetbrains.kotlin.cli.jvm.index.JvmDependenciesIndexImpl$SearchResult::<init> (5 bytes)
Event: 40.554 Thread 0x0000020f72bb7b50 nmethod 11975 0x0000020f59358c90 code [0x0000020f59358e20, 0x0000020f59358f18]
Event: 40.554 Thread 0x0000020f72bb7b50 11976       2       org.jetbrains.kotlin.cli.jvm.index.JvmDependenciesIndexImpl$SearchResult::<init> (5 bytes)
Event: 40.554 Thread 0x0000020f72bb7b50 nmethod 11976 0x0000020f5951f390 code [0x0000020f5951f520, 0x0000020f5951f618]
Event: 40.555 Thread 0x0000020f72bb7b50 11974       2       org.jetbrains.kotlin.cli.jvm.index.JvmDependenciesIndexImpl$SearchResult$Found::<init> (28 bytes)
Event: 40.557 Thread 0x0000020f72bb7b50 nmethod 11974 0x0000020f59f8e790 code [0x0000020f59f8e9c0, 0x0000020f59f8eef8]
Event: 40.557 Thread 0x0000020f72bb7b50 11977       1       org.jetbrains.kotlin.types.error.ErrorTypeConstructor::toString (5 bytes)
Event: 40.557 Thread 0x0000020f72bb7b50 nmethod 11977 0x0000020f608f9e10 code [0x0000020f608f9fa0, 0x0000020f608fa078]
Event: 40.568 Thread 0x0000020f72bb7b50 11978       2       org.jetbrains.kotlin.com.intellij.lang.impl.PsiBuilderImpl$StartMarker::getEndOffset (21 bytes)
Event: 40.568 Thread 0x0000020f72bb7b50 nmethod 11978 0x0000020f59f8e390 code [0x0000020f59f8e520, 0x0000020f59f8e678]
Event: 40.569 Thread 0x0000020f72bb7b50 11979       2       org.jetbrains.kotlin.com.intellij.lang.impl.PsiBuilderImpl$ProductionMarker::getStartOffset (21 bytes)
Event: 40.569 Thread 0x0000020f72bb7b50 nmethod 11979 0x0000020f59f8df90 code [0x0000020f59f8e120, 0x0000020f59f8e278]
Event: 40.633 Thread 0x0000020f72bb7b50 11980       2       org.jetbrains.kotlin.types.DelegatingSimpleTypeImpl::makeNullableAsSpecified (9 bytes)
Event: 40.634 Thread 0x0000020f72bb7b50 nmethod 11980 0x0000020f59f8da90 code [0x0000020f59f8dc60, 0x0000020f59f8de78]
Event: 40.636 Thread 0x0000020f72bb7b50 11981       2       org.jetbrains.kotlin.resolve.calls.results.AbstractOverloadResolutionResults::isSuccess (8 bytes)
Event: 40.637 Thread 0x0000020f72bb7b50 nmethod 11981 0x0000020f59f8d710 code [0x0000020f59f8d8a0, 0x0000020f59f8d9e8]

GC Heap History (20 events):
Event: 7.116 GC heap before
{Heap before GC invocations=6 (full 0):
 garbage-first heap   total 69632K, used 49262K [0x0000000721600000, 0x0000000800000000)
  region size 2048K, 15 young (30720K), 1 survivors (2048K)
 Metaspace       used 33180K, committed 33344K, reserved 1114112K
  class space    used 4102K, committed 4160K, reserved 1048576K
}
Event: 7.130 GC heap after
{Heap after GC invocations=7 (full 0):
 garbage-first heap   total 69632K, used 24494K [0x0000000721600000, 0x0000000800000000)
  region size 2048K, 2 young (4096K), 2 survivors (4096K)
 Metaspace       used 33180K, committed 33344K, reserved 1114112K
  class space    used 4102K, committed 4160K, reserved 1048576K
}
Event: 7.829 GC heap before
{Heap before GC invocations=7 (full 0):
 garbage-first heap   total 69632K, used 38830K [0x0000000721600000, 0x0000000800000000)
  region size 2048K, 10 young (20480K), 2 survivors (4096K)
 Metaspace       used 35880K, committed 36096K, reserved 1114112K
  class space    used 4387K, committed 4544K, reserved 1048576K
}
Event: 7.853 GC heap after
{Heap after GC invocations=8 (full 0):
 garbage-first heap   total 98304K, used 27492K [0x0000000721600000, 0x0000000800000000)
  region size 2048K, 2 young (4096K), 2 survivors (4096K)
 Metaspace       used 35880K, committed 36096K, reserved 1114112K
  class space    used 4387K, committed 4544K, reserved 1048576K
}
Event: 9.709 GC heap before
{Heap before GC invocations=9 (full 0):
 garbage-first heap   total 98304K, used 66404K [0x0000000721600000, 0x0000000800000000)
  region size 2048K, 21 young (43008K), 2 survivors (4096K)
 Metaspace       used 40265K, committed 40512K, reserved 1114112K
  class space    used 5001K, committed 5120K, reserved 1048576K
}
Event: 9.732 GC heap after
{Heap after GC invocations=10 (full 0):
 garbage-first heap   total 98304K, used 31020K [0x0000000721600000, 0x0000000800000000)
  region size 2048K, 3 young (6144K), 3 survivors (6144K)
 Metaspace       used 40265K, committed 40512K, reserved 1114112K
  class space    used 5001K, committed 5120K, reserved 1048576K
}
Event: 9.756 GC heap before
{Heap before GC invocations=10 (full 0):
 garbage-first heap   total 98304K, used 33068K [0x0000000721600000, 0x0000000800000000)
  region size 2048K, 4 young (8192K), 3 survivors (6144K)
 Metaspace       used 40267K, committed 40512K, reserved 1114112K
  class space    used 5001K, committed 5120K, reserved 1048576K
}
Event: 9.775 GC heap after
{Heap after GC invocations=11 (full 0):
 garbage-first heap   total 98304K, used 30792K [0x0000000721600000, 0x0000000800000000)
  region size 2048K, 1 young (2048K), 1 survivors (2048K)
 Metaspace       used 40267K, committed 40512K, reserved 1114112K
  class space    used 5001K, committed 5120K, reserved 1048576K
}
Event: 13.639 GC heap before
{Heap before GC invocations=11 (full 0):
 garbage-first heap   total 98304K, used 69704K [0x0000000721600000, 0x0000000800000000)
  region size 2048K, 20 young (40960K), 1 survivors (2048K)
 Metaspace       used 44080K, committed 44352K, reserved 1114112K
  class space    used 5349K, committed 5504K, reserved 1048576K
}
Event: 13.668 GC heap after
{Heap after GC invocations=12 (full 0):
 garbage-first heap   total 98304K, used 35332K [0x0000000721600000, 0x0000000800000000)
  region size 2048K, 3 young (6144K), 3 survivors (6144K)
 Metaspace       used 44080K, committed 44352K, reserved 1114112K
  class space    used 5349K, committed 5504K, reserved 1048576K
}
Event: 18.858 GC heap before
{Heap before GC invocations=12 (full 0):
 garbage-first heap   total 98304K, used 70148K [0x0000000721600000, 0x0000000800000000)
  region size 2048K, 20 young (40960K), 3 survivors (6144K)
 Metaspace       used 46008K, committed 46272K, reserved 1114112K
  class space    used 5430K, committed 5568K, reserved 1048576K
}
Event: 18.920 GC heap after
{Heap after GC invocations=13 (full 0):
 garbage-first heap   total 98304K, used 41856K [0x0000000721600000, 0x0000000800000000)
  region size 2048K, 3 young (6144K), 3 survivors (6144K)
 Metaspace       used 46008K, committed 46272K, reserved 1114112K
  class space    used 5430K, committed 5568K, reserved 1048576K
}
Event: 21.854 GC heap before
{Heap before GC invocations=13 (full 0):
 garbage-first heap   total 98304K, used 72576K [0x0000000721600000, 0x0000000800000000)
  region size 2048K, 18 young (36864K), 3 survivors (6144K)
 Metaspace       used 46939K, committed 47232K, reserved 1114112K
  class space    used 5541K, committed 5696K, reserved 1048576K
}
Event: 21.900 GC heap after
{Heap after GC invocations=14 (full 0):
 garbage-first heap   total 98304K, used 48129K [0x0000000721600000, 0x0000000800000000)
  region size 2048K, 3 young (6144K), 3 survivors (6144K)
 Metaspace       used 46939K, committed 47232K, reserved 1114112K
  class space    used 5541K, committed 5696K, reserved 1048576K
}
Event: 23.563 GC heap before
{Heap before GC invocations=14 (full 0):
 garbage-first heap   total 98304K, used 74753K [0x0000000721600000, 0x0000000800000000)
  region size 2048K, 16 young (32768K), 3 survivors (6144K)
 Metaspace       used 47237K, committed 47488K, reserved 1114112K
  class space    used 5577K, committed 5696K, reserved 1048576K
}
Event: 23.599 GC heap after
{Heap after GC invocations=15 (full 0):
 garbage-first heap   total 196608K, used 52918K [0x0000000721600000, 0x0000000800000000)
  region size 2048K, 2 young (4096K), 2 survivors (4096K)
 Metaspace       used 47237K, committed 47488K, reserved 1114112K
  class space    used 5577K, committed 5696K, reserved 1048576K
}
Event: 26.139 GC heap before
{Heap before GC invocations=15 (full 0):
 garbage-first heap   total 196608K, used 140982K [0x0000000721600000, 0x0000000800000000)
  region size 2048K, 45 young (92160K), 2 survivors (4096K)
 Metaspace       used 48148K, committed 48448K, reserved 1114112K
  class space    used 5658K, committed 5824K, reserved 1048576K
}
Event: 26.171 GC heap after
{Heap after GC invocations=16 (full 0):
 garbage-first heap   total 196608K, used 61110K [0x0000000721600000, 0x0000000800000000)
  region size 2048K, 6 young (12288K), 6 survivors (12288K)
 Metaspace       used 48148K, committed 48448K, reserved 1114112K
  class space    used 5658K, committed 5824K, reserved 1048576K
}
Event: 32.797 GC heap before
{Heap before GC invocations=16 (full 0):
 garbage-first heap   total 196608K, used 136886K [0x0000000721600000, 0x0000000800000000)
  region size 2048K, 43 young (88064K), 6 survivors (12288K)
 Metaspace       used 53229K, committed 53568K, reserved 1114112K
  class space    used 6088K, committed 6272K, reserved 1048576K
}
Event: 32.832 GC heap after
{Heap after GC invocations=17 (full 0):
 garbage-first heap   total 196608K, used 69014K [0x0000000721600000, 0x0000000800000000)
  region size 2048K, 4 young (8192K), 4 survivors (8192K)
 Metaspace       used 53229K, committed 53568K, reserved 1114112K
  class space    used 6088K, committed 6272K, reserved 1048576K
}

Deoptimization events (20 events):
Event: 38.095 Thread 0x0000020f51139a70 Uncommon trap: trap_request=0xffffff45 fr.pc=0x0000020f6086a91c relative=0x000000000000109c
Event: 38.095 Thread 0x0000020f51139a70 Uncommon trap: reason=unstable_if action=reinterpret pc=0x0000020f6086a91c method=org.jetbrains.kotlin.parsing.KotlinParserDefinition.createElement(Lorg/jetbrains/kotlin/com/intellij/lang/ASTNode;)Lorg/jetbrains/kotlin/com/intellij/psi/PsiElement; @ 104 c
Event: 38.095 Thread 0x0000020f51139a70 DEOPT PACKING pc=0x0000020f6086a91c sp=0x000000a11b6fcc40
Event: 38.095 Thread 0x0000020f51139a70 DEOPT UNPACKING pc=0x0000020f5ff523a3 sp=0x000000a11b6fcb48 mode 2
Event: 39.118 Thread 0x0000020f51139a70 Uncommon trap: trap_request=0xfffffff4 fr.pc=0x0000020f608744f8 relative=0x0000000000002538
Event: 39.118 Thread 0x0000020f51139a70 Uncommon trap: reason=null_check action=make_not_entrant pc=0x0000020f608744f8 method=org.jetbrains.kotlin.types.TypeAttributes.add(Lorg/jetbrains/kotlin/types/TypeAttributes;)Lorg/jetbrains/kotlin/types/TypeAttributes; @ 101 c2
Event: 39.118 Thread 0x0000020f51139a70 DEOPT PACKING pc=0x0000020f608744f8 sp=0x000000a11b6fa940
Event: 39.118 Thread 0x0000020f51139a70 DEOPT UNPACKING pc=0x0000020f5ff523a3 sp=0x000000a11b6fa7e8 mode 2
Event: 39.140 Thread 0x0000020f51139a70 Uncommon trap: trap_request=0xffffffc6 fr.pc=0x0000020f60953220 relative=0x0000000000002220
Event: 39.140 Thread 0x0000020f51139a70 Uncommon trap: reason=bimorphic_or_optimized_type_check action=maybe_recompile pc=0x0000020f60953220 method=kotlin.collections.CollectionsKt__MutableCollectionsKt.addAll(Ljava/util/Collection;Ljava/lang/Iterable;)Z @ 49 c2
Event: 39.140 Thread 0x0000020f51139a70 DEOPT PACKING pc=0x0000020f60953220 sp=0x000000a11b6f9570
Event: 39.140 Thread 0x0000020f51139a70 DEOPT UNPACKING pc=0x0000020f5ff523a3 sp=0x000000a11b6f9588 mode 2
Event: 39.148 Thread 0x0000020f51139a70 Uncommon trap: trap_request=0xffffffde fr.pc=0x0000020f605eee5c relative=0x00000000000000bc
Event: 39.148 Thread 0x0000020f51139a70 Uncommon trap: reason=class_check action=maybe_recompile pc=0x0000020f605eee5c method=org.jetbrains.kotlin.descriptors.impl.SimpleFunctionDescriptorImpl.initialize(Lorg/jetbrains/kotlin/descriptors/ReceiverParameterDescriptor;Lorg/jetbrains/kotlin/descrip
Event: 39.148 Thread 0x0000020f51139a70 DEOPT PACKING pc=0x0000020f605eee5c sp=0x000000a11b6fa270
Event: 39.148 Thread 0x0000020f51139a70 DEOPT UNPACKING pc=0x0000020f5ff523a3 sp=0x000000a11b6fa250 mode 2
Event: 40.153 Thread 0x0000020f51139a70 Uncommon trap: trap_request=0xffffff45 fr.pc=0x0000020f6093abd4 relative=0x00000000000004b4
Event: 40.153 Thread 0x0000020f51139a70 Uncommon trap: reason=unstable_if action=reinterpret pc=0x0000020f6093abd4 method=org.jetbrains.kotlin.descriptors.DescriptorVisibilities.compare(Lorg/jetbrains/kotlin/descriptors/DescriptorVisibility;Lorg/jetbrains/kotlin/descriptors/DescriptorVisibility
Event: 40.153 Thread 0x0000020f51139a70 DEOPT PACKING pc=0x0000020f6093abd4 sp=0x000000a11b6f91e0
Event: 40.153 Thread 0x0000020f51139a70 DEOPT UNPACKING pc=0x0000020f5ff523a3 sp=0x000000a11b6f9180 mode 2

Classes unloaded (0 events):
No events

Classes redefined (0 events):
No events

Internal exceptions (20 events):
Event: 26.034 Thread 0x0000020f51139a70 Implicit null exception at 0x0000020f606ed194 to 0x0000020f606f2938
Event: 26.034 Thread 0x0000020f51139a70 Implicit null exception at 0x0000020f606ed194 to 0x0000020f606f2938
Event: 26.035 Thread 0x0000020f51139a70 Implicit null exception at 0x0000020f606ed194 to 0x0000020f606f2938
Event: 26.035 Thread 0x0000020f51139a70 Implicit null exception at 0x0000020f606ed194 to 0x0000020f606f2938
Event: 26.035 Thread 0x0000020f51139a70 Implicit null exception at 0x0000020f606ed194 to 0x0000020f606f2938
Event: 26.035 Thread 0x0000020f51139a70 Implicit null exception at 0x0000020f606ed194 to 0x0000020f606f2938
Event: 26.035 Thread 0x0000020f51139a70 Implicit null exception at 0x0000020f606ed194 to 0x0000020f606f2938
Event: 26.035 Thread 0x0000020f51139a70 Implicit null exception at 0x0000020f606ed194 to 0x0000020f606f2938
Event: 26.035 Thread 0x0000020f51139a70 Implicit null exception at 0x0000020f60713ed1 to 0x0000020f607188f8
Event: 26.043 Thread 0x0000020f51139a70 Implicit null exception at 0x0000020f606f6f25 to 0x0000020f606f71d7
Event: 26.709 Thread 0x0000020f51139a70 Exception <a 'java/lang/NoSuchMethodError'{0x000000072cd002d0}: 'java.lang.Object java.lang.invoke.DirectMethodHandle$Holder.newInvokeSpecial(java.lang.Object, java.lang.Object, java.lang.Object, java.lang.Object, java.lang.Object, java.lang.Object, java.lang.Object)'> (0x000000072cd002d0) 
thrown [s\open\src\hotspot\share\interpreter\linkResolver.cpp, line 759]
Event: 26.711 Thread 0x0000020f51139a70 Exception <a 'java/lang/NoSuchMethodError'{0x000000072cd050e8}: 'java.lang.Object java.lang.invoke.Invokers$Holder.linkToTargetMethod(java.lang.Object, java.lang.Object, java.lang.Object, java.lang.Object, java.lang.Object, java.lang.Object, java.lang.Object)'> (0x000000072cd050e8) 
thrown [s\open\src\hotspot\share\interpreter\linkResolver.cpp, line 759]
Event: 27.446 Thread 0x0000020f51139a70 Implicit null exception at 0x0000020f607cd783 to 0x0000020f607cda90
Event: 28.903 Thread 0x0000020f51139a70 Exception <a 'java/lang/NoSuchMethodError'{0x000000072a87fe70}: 'java.lang.Object java.lang.invoke.DirectMethodHandle$Holder.invokeInterface(java.lang.Object, java.lang.Object, java.lang.Object)'> (0x000000072a87fe70) 
thrown [s\open\src\hotspot\share\interpreter\linkResolver.cpp, line 759]
Event: 28.904 Thread 0x0000020f51139a70 Exception <a 'java/lang/IncompatibleClassChangeError'{0x000000072a883d30}: Found class java.lang.Object, but interface was expected> (0x000000072a883d30) 
thrown [s\open\src\hotspot\share\interpreter\linkResolver.cpp, line 826]
Event: 29.778 Thread 0x0000020f51139a70 Implicit null exception at 0x0000020f608dc096 to 0x0000020f608df458
Event: 30.319 Thread 0x0000020f51139a70 Exception <a 'java/lang/NoSuchMethodError'{0x0000000729c35ae0}: 'int java.lang.invoke.DirectMethodHandle$Holder.invokeStaticInit(java.lang.Object, int)'> (0x0000000729c35ae0) 
thrown [s\open\src\hotspot\share\interpreter\linkResolver.cpp, line 759]
Event: 35.307 Thread 0x0000020f51139a70 Implicit null exception at 0x0000020f606b7f1b to 0x0000020f606b8668
Event: 39.118 Thread 0x0000020f51139a70 Implicit null exception at 0x0000020f60872497 to 0x0000020f608744bc
Event: 40.153 Thread 0x0000020f51139a70 Implicit null exception at 0x0000020f6093a965 to 0x0000020f6093abc4

VM Operations (20 events):
Event: 36.166 Executing VM operation: HandshakeAllThreads
Event: 36.166 Executing VM operation: HandshakeAllThreads done
Event: 36.558 Executing VM operation: ICBufferFull
Event: 36.559 Executing VM operation: ICBufferFull done
Event: 37.093 Executing VM operation: ICBufferFull
Event: 37.094 Executing VM operation: ICBufferFull done
Event: 37.437 Executing VM operation: ICBufferFull
Event: 37.437 Executing VM operation: ICBufferFull done
Event: 37.951 Executing VM operation: ICBufferFull
Event: 37.951 Executing VM operation: ICBufferFull done
Event: 38.057 Executing VM operation: HandshakeAllThreads
Event: 38.057 Executing VM operation: HandshakeAllThreads done
Event: 38.260 Executing VM operation: HandshakeAllThreads
Event: 38.260 Executing VM operation: HandshakeAllThreads done
Event: 38.754 Executing VM operation: ICBufferFull
Event: 38.755 Executing VM operation: ICBufferFull done
Event: 39.674 Executing VM operation: ICBufferFull
Event: 39.674 Executing VM operation: ICBufferFull done
Event: 40.151 Executing VM operation: HandshakeAllThreads
Event: 40.151 Executing VM operation: HandshakeAllThreads done

Events (20 events):
Event: 38.312 Thread 0x0000020f72bd68c0 flushing nmethod 0x0000020f5a08fc90
Event: 38.312 Thread 0x0000020f72bd68c0 flushing nmethod 0x0000020f5a091290
Event: 38.312 Thread 0x0000020f72bd68c0 flushing nmethod 0x0000020f5a096990
Event: 38.312 Thread 0x0000020f72bd68c0 flushing nmethod 0x0000020f5a099110
Event: 38.312 Thread 0x0000020f72bd68c0 flushing nmethod 0x0000020f5a09b010
Event: 38.313 Thread 0x0000020f72bd68c0 flushing nmethod 0x0000020f5a119290
Event: 38.313 Thread 0x0000020f72bd68c0 flushing nmethod 0x0000020f5a122190
Event: 38.313 Thread 0x0000020f72bd68c0 flushing nmethod 0x0000020f5a123210
Event: 38.313 Thread 0x0000020f72bd68c0 flushing nmethod 0x0000020f5a191910
Event: 38.313 Thread 0x0000020f72bd68c0 flushing nmethod 0x0000020f5a1a3c90
Event: 38.313 Thread 0x0000020f72bd68c0 flushing nmethod 0x0000020f5a1aa510
Event: 38.314 Thread 0x0000020f72bd68c0 flushing nmethod 0x0000020f5a22da90
Event: 38.314 Thread 0x0000020f72bd68c0 flushing nmethod 0x0000020f5a242410
Event: 38.315 Thread 0x0000020f72bd68c0 flushing nmethod 0x0000020f5a2c9610
Event: 38.316 Thread 0x0000020f72bd68c0 flushing nmethod 0x0000020f5a319e10
Event: 38.316 Thread 0x0000020f72bd68c0 flushing nmethod 0x0000020f5a344f10
Event: 38.316 Thread 0x0000020f72bd68c0 flushing nmethod 0x0000020f5a350a10
Event: 38.316 Thread 0x0000020f72bd68c0 flushing nmethod 0x0000020f5a353810
Event: 38.316 Thread 0x0000020f72bd68c0 flushing nmethod 0x0000020f5a357210
Event: 38.317 Thread 0x0000020f72bd68c0 flushing nmethod 0x0000020f5a37a610


Dynamic libraries:
0x00007ff6c60d0000 - 0x00007ff6c60e0000 	C:\Program Files\Java\jdk-17\bin\java.exe
0x00007ffd10150000 - 0x00007ffd10367000 	C:\WINDOWS\SYSTEM32\ntdll.dll
0x00007ffd0e9d0000 - 0x00007ffd0ea94000 	C:\WINDOWS\System32\KERNEL32.DLL
0x00007ffd0d5d0000 - 0x00007ffd0d97d000 	C:\WINDOWS\System32\KERNELBASE.dll
0x00007ffd07c30000 - 0x00007ffd07cc7000 	C:\WINDOWS\SYSTEM32\apphelp.dll
0x00007ffd0dcc0000 - 0x00007ffd0ddd1000 	C:\WINDOWS\System32\ucrtbase.dll
0x00007ffcdd5e0000 - 0x00007ffcdd5f9000 	C:\Program Files\Java\jdk-17\bin\jli.dll
0x00007ffd0fd30000 - 0x00007ffd0fde2000 	C:\WINDOWS\System32\ADVAPI32.dll
0x00007ffd0fc70000 - 0x00007ffd0fd17000 	C:\WINDOWS\System32\msvcrt.dll
0x00007ffd0de80000 - 0x00007ffd0df29000 	C:\WINDOWS\System32\sechost.dll
0x00007ffd0d980000 - 0x00007ffd0d9a8000 	C:\WINDOWS\System32\bcrypt.dll
0x00007ffd0e160000 - 0x00007ffd0e274000 	C:\WINDOWS\System32\RPCRT4.dll
0x00007ffce40c0000 - 0x00007ffce40db000 	C:\Program Files\Java\jdk-17\bin\VCRUNTIME140.dll
0x00007ffd0fa60000 - 0x00007ffd0fc0e000 	C:\WINDOWS\System32\USER32.dll
0x00007ffd0d4e0000 - 0x00007ffd0d506000 	C:\WINDOWS\System32\win32u.dll
0x00007ffcf4fb0000 - 0x00007ffcf5243000 	C:\WINDOWS\WinSxS\amd64_microsoft.windows.common-controls_6595b64144ccf1df_6.0.22621.3672_none_2713b9d173822955\COMCTL32.dll
0x00007ffd0ffa0000 - 0x00007ffd0ffc9000 	C:\WINDOWS\System32\GDI32.dll
0x00007ffd0dba0000 - 0x00007ffd0dcb9000 	C:\WINDOWS\System32\gdi32full.dll
0x00007ffd0dde0000 - 0x00007ffd0de7a000 	C:\WINDOWS\System32\msvcp_win.dll
0x00007ffd058a0000 - 0x00007ffd058aa000 	C:\WINDOWS\SYSTEM32\VERSION.dll
0x00007ffd0fdf0000 - 0x00007ffd0fe21000 	C:\WINDOWS\System32\IMM32.DLL
0x00007ffd07e30000 - 0x00007ffd07e3c000 	C:\Program Files\Java\jdk-17\bin\vcruntime140_1.dll
0x00007ffccfb00000 - 0x00007ffccfb8e000 	C:\Program Files\Java\jdk-17\bin\msvcp140.dll
0x00007ffccef20000 - 0x00007ffccfaff000 	C:\Program Files\Java\jdk-17\bin\server\jvm.dll
0x00007ffd0fd20000 - 0x00007ffd0fd28000 	C:\WINDOWS\System32\PSAPI.DLL
0x00007ffd091d0000 - 0x00007ffd09204000 	C:\WINDOWS\SYSTEM32\WINMM.dll
0x00007ffcf9310000 - 0x00007ffcf9319000 	C:\WINDOWS\SYSTEM32\WSOCK32.dll
0x00007ffd0e790000 - 0x00007ffd0e801000 	C:\WINDOWS\System32\WS2_32.dll
0x00007ffd0c490000 - 0x00007ffd0c4a8000 	C:\WINDOWS\SYSTEM32\kernel.appcore.dll
0x00007ffcf9340000 - 0x00007ffcf934a000 	C:\Program Files\Java\jdk-17\bin\jimage.dll
0x00007ffd08200000 - 0x00007ffd08432000 	C:\WINDOWS\SYSTEM32\DBGHELP.DLL
0x00007ffd0e280000 - 0x00007ffd0e60e000 	C:\WINDOWS\System32\combase.dll
0x00007ffd0fec0000 - 0x00007ffd0ff97000 	C:\WINDOWS\System32\OLEAUT32.dll
0x00007ffcf5610000 - 0x00007ffcf5642000 	C:\WINDOWS\SYSTEM32\dbgcore.DLL
0x00007ffd0d9b0000 - 0x00007ffd0da2b000 	C:\WINDOWS\System32\bcryptPrimitives.dll
0x00007ffcdbad0000 - 0x00007ffcdbaf5000 	C:\Program Files\Java\jdk-17\bin\java.dll
0x00007ffccee40000 - 0x00007ffccef17000 	C:\Program Files\Java\jdk-17\bin\jsvml.dll
0x00007ffd0eaa0000 - 0x00007ffd0f307000 	C:\WINDOWS\System32\SHELL32.dll
0x00007ffd0b3a0000 - 0x00007ffd0bc9f000 	C:\WINDOWS\SYSTEM32\windows.storage.dll
0x00007ffd0b260000 - 0x00007ffd0b39f000 	C:\WINDOWS\SYSTEM32\wintypes.dll
0x00007ffd0e660000 - 0x00007ffd0e759000 	C:\WINDOWS\System32\SHCORE.dll
0x00007ffd0f890000 - 0x00007ffd0f8ee000 	C:\WINDOWS\System32\shlwapi.dll
0x00007ffd0d3a0000 - 0x00007ffd0d3c7000 	C:\WINDOWS\SYSTEM32\profapi.dll
0x00007ffcdcb20000 - 0x00007ffcdcb39000 	C:\Program Files\Java\jdk-17\bin\net.dll
0x00007ffd095b0000 - 0x00007ffd096e6000 	C:\WINDOWS\SYSTEM32\WINHTTP.dll
0x00007ffd0c910000 - 0x00007ffd0c979000 	C:\WINDOWS\system32\mswsock.dll
0x00007ffcdb350000 - 0x00007ffcdb366000 	C:\Program Files\Java\jdk-17\bin\nio.dll
0x00007ffcdb1d0000 - 0x00007ffcdb1e8000 	C:\Program Files\Java\jdk-17\bin\zip.dll
0x00007ffd0a680000 - 0x00007ffd0a690000 	C:\Program Files\Java\jdk-17\bin\verify.dll

dbghelp: loaded successfully - version: 4.0.5 - missing functions: none
symbol engine: initialized successfully - sym options: 0x614 - pdb path: .;C:\Program Files\Java\jdk-17\bin;C:\WINDOWS\SYSTEM32;C:\WINDOWS\WinSxS\amd64_microsoft.windows.common-controls_6595b64144ccf1df_6.0.22621.3672_none_2713b9d173822955;C:\Program Files\Java\jdk-17\bin\server

VM Arguments:
java_command: org.jetbrains.kotlin.cli.jvm.K2JVMCompiler @C:\Users\91738\OneDrive\Desktop\IPO\node_modules\react-native-screens\android\build\20240907_5870847577883102054.compiler.options
java_class_path (initial): C:\Users\91738\.gradle\caches\modules-2\files-2.1\org.jetbrains.kotlin\kotlin-compiler-embeddable\1.9.24\78dab849090e6c5e2eadb6e59a11cdc28fb67a08\kotlin-compiler-embeddable-1.9.24.jar;C:\Users\91738\.gradle\caches\modules-2\files-2.1\org.jetbrains.kotlin\kotlin-stdlib\1.9.24\9928532f12c66ad816a625b3f9984f8368ca6d2b\kotlin-stdlib-1.9.24.jar;C:\Users\91738\.gradle\caches\modules-2\files-2.1\org.jetbrains.kotlin\kotlin-script-runtime\1.9.24\96771497da90fbc5af1c90fce148db2595a62502\kotlin-script-runtime-1.9.24.jar;C:\Users\91738\.gradle\caches\modules-2\files-2.1\org.jetbrains.kotlin\kotlin-reflect\1.6.10\1cbe9c92c12a94eea200d23c2bbaedaf3daf5132\kotlin-reflect-1.6.10.jar;C:\Users\91738\.gradle\caches\modules-2\files-2.1\org.jetbrains.kotlin\kotlin-daemon-embeddable\1.9.24\86685b9c5e8d170925bd9ddbdc263374a6a73281\kotlin-daemon-embeddable-1.9.24.jar;C:\Users\91738\.gradle\caches\modules-2\files-2.1\org.jetbrains.intellij.deps\trove4j\1.0.20200330\3afb14d5f9ceb459d724e907a21145e8ff394f02\trove4j-1.0.20200330.jar;C:\Users\91738\.gradle\caches\modules-2\files-2.1\org.jetbrains\annotations\13.0\919f0dfe192fb4e063e7dacadee7f8bb9a2672a9\annotations-13.0.jar
Launcher Type: SUN_STANDARD

[Global flags]
     intx CICompilerCount                          = 4                                         {product} {ergonomic}
     uint ConcGCThreads                            = 2                                         {product} {ergonomic}
     uint G1ConcRefinementThreads                  = 8                                         {product} {ergonomic}
   size_t G1HeapRegionSize                         = 2097152                                   {product} {ergonomic}
    uintx GCDrainStackTargetSize                   = 64                                        {product} {ergonomic}
   size_t InitialHeapSize                          = 234881024                                 {product} {ergonomic}
   size_t MarkStackSize                            = 4194304                                   {product} {ergonomic}
   size_t MaxHeapSize                              = 3735027712                                {product} {ergonomic}
   size_t MaxNewSize                               = 2239758336                                {product} {ergonomic}
   size_t MinHeapDeltaBytes                        = 2097152                                   {product} {ergonomic}
   size_t MinHeapSize                              = 8388608                                   {product} {ergonomic}
    uintx NonNMethodCodeHeapSize                   = 5839372                                {pd product} {ergonomic}
    uintx NonProfiledCodeHeapSize                  = 122909434                              {pd product} {ergonomic}
    uintx ProfiledCodeHeapSize                     = 122909434                              {pd product} {ergonomic}
    uintx ReservedCodeCacheSize                    = 251658240                              {pd product} {ergonomic}
     bool SegmentedCodeCache                       = true                                      {product} {ergonomic}
   size_t SoftMaxHeapSize                          = 3735027712                             {manageable} {ergonomic}
     bool UseCompressedClassPointers               = true                           {product lp64_product} {ergonomic}
     bool UseCompressedOops                        = true                           {product lp64_product} {ergonomic}
     bool UseG1GC                                  = true                                      {product} {ergonomic}
     bool UseLargePagesIndividualAllocation        = false                                  {pd product} {ergonomic}

Logging:
Log output configuration:
 #0: stdout all=warning uptime,level,tags
 #1: stderr all=off uptime,level,tags

Environment Variables:
JAVA_HOME=C:\Program Files\Java\jdk-17
CLASSPATH=C:\Users\91738\OneDrive\Desktop\IPO\android\\gradle\wrapper\gradle-wrapper.jar
PATH=C:\Users\91738\OneDrive\Desktop\IPO\node_modules\.bin;C:\Users\91738\OneDrive\Desktop\IPO\node_modules\.bin;C:\Users\91738\OneDrive\Desktop\node_modules\.bin;C:\Users\91738\OneDrive\node_modules\.bin;C:\Users\91738\node_modules\.bin;C:\Users\node_modules\.bin;C:\node_modules\.bin;C:\Users\91738\AppData\Roaming\npm\node_modules\npm\node_modules\@npmcli\run-script\lib\node-gyp-bin;C:\Users\91738\OneDrive\Desktop\IPO\node_modules\.bin;C:\Users\91738\OneDrive\Desktop\node_modules\.bin;C:\Users\91738\OneDrive\node_modules\.bin;C:\Users\91738\node_modules\.bin;C:\Users\node_modules\.bin;C:\node_modules\.bin;C:\Users\91738\AppData\Roaming\npm\node_modules\npm\node_modules\@npmcli\run-script\lib\node-gyp-bin;C:\Program Files\Common Files\Oracle\Java\javapath;C:\Python312\Scripts\;C:\Python312\;C:\Users\91738\AppData\Local\Android\Sdk\emulator;C:\Python310\Scripts\;C:\Python310\;D:\PYTHON 2;C:\MinGW\bin;C:\WINDOWS\system32;C:\WINDOWS;C:\WINDOWS\System32\Wbem;C:\WINDOWS\System32\WindowsPowerShell\v1.0\;C:\WINDOWS\System32\OpenSSH\;C:\ProgramData\chocolatey\bin;C:\Android\android-sdk\tools;C:\Android\android-sdk\platform-tools;C:\Android\android-sdk\tools\bin;C:\Program Files\gradle-7.5.1\bin;C:\Program Files\Git\cmd;C:\Users\91738\AppData\Local\Android\Sdk\platform-tools;C:\Users\91738\AppData\Local\Android\Sdk;C:\Program Files\Microsoft SQL Server\150\Tools\Binn\;C:\Program Files\nodejs\;C:\Program Files\Java\jdk-17;C:\Program Files\Java\jdk-17\bin;C:\Program Files\Amazon\AWSCLIV2\;C:\Users\91738\AppData\Local\Programs\Python\Python311\Scripts\;C:\Users\91738\AppData\Local\Programs\Python\Python311\;C:\Users\91738\AppData\Local\Android\Sdk\tools;C:\Users\91738\AppData\Local\Microsoft\WindowsApps;C:\Program Files\JetBrains\PyCharm Community Edition 2021.1.2\bin;;C:\Microsoft VS Code\bin;C:\Users\91738\AppData\Local\Android\Sdk\platform-tools;C:\Users\91738\AppData\Local\Android\Sdk\emulator;C:\Users\91738\AppData\Local\Android\Sdk\platform-tools;C:\Users\91738\AppData\Roami
USERNAME=91738
LANG=en_US.UTF-8
OS=Windows_NT
PROCESSOR_IDENTIFIER=AMD64 Family 23 Model 24 Stepping 1, AuthenticAMD



---------------  S Y S T E M  ---------------

OS:
 Windows 11 , 64 bit Build 22621 (10.0.22621.3958)
OS uptime: 0 days 2:52 hours
Hyper-V role detected

CPU: total 8 (initial active 8) (8 cores per cpu, 2 threads per core) family 23 model 24 stepping 1 microcode 0x0, cx8, cmov, fxsr, ht, mmx, 3dnowpref, sse, sse2, sse3, ssse3, sse4a, sse4.1, sse4.2, popcnt, lzcnt, tsc, tscinvbit, avx, avx2, aes, clmul, bmi1, bmi2, adx, sha, fma, vzeroupper, clflush, clflushopt, hv

Memory: 4k page, system-wide physical 14247M (4051M free)
TotalPageFile size 14247M (AvailPageFile size 0M)
current process WorkingSet (physical memory assigned to process): 416M, peak: 424M
current process commit charge ("private bytes"): 471M, peak: 481M

vm_info: Java HotSpot(TM) 64-Bit Server VM (17.0.10+11-LTS-240) for windows-amd64 JRE (17.0.10+11-LTS-240), built on Dec 19 2023 21:47:25 by "mach5one" with MS VC++ 17.1 (VS2022)

END.
