#
# There is insufficient memory for the Java Runtime Environment to continue.
# Native memory allocation (mmap) failed to map 234881024 bytes for G1 virtual space
# Possible reasons:
#   The system is out of physical RAM or swap space
#   The process is running with CompressedOops enabled, and the Java Heap may be blocking the growth of the native heap
# Possible solutions:
#   Reduce memory load on the system
#   Increase physical memory or swap space
#   Check if swap backing store is full
#   Decrease Java heap size (-Xmx/-Xms)
#   Decrease number of Java threads
#   Decrease Java thread stack sizes (-Xss)
#   Set larger code cache with -XX:ReservedCodeCacheSize=
#   JVM is running with Zero Based Compressed Oops mode in which the Java heap is
#     placed in the first 32GB address space. The Java Heap base address is the
#     maximum limit for the native heap growth. Please use -XX:HeapBaseMinAddress
#     to set the Java Heap base and to place the Java Heap above 32GB virtual address.
# This output file may be truncated or incomplete.
#
#  Out of Memory Error (os_windows.cpp:3548), pid=11472, tid=792
#
# JRE version:  (17.0.10+11) (build )
# Java VM: Java HotSpot(TM) 64-Bit Server VM (17.0.10+11-LTS-240, mixed mode, sharing, tiered, compressed oops, compressed class ptrs, g1 gc, windows-amd64)
# No core dump will be written. Minidumps are not enabled by default on client versions of Windows
#

---------------  S U M M A R Y ------------

Command Line: org.jetbrains.kotlin.cli.jvm.K2JVMCompiler @C:\Users\91738\OneDrive\Desktop\IPO\node_modules\react-native-safe-area-context\android\build\20240907_15868498302189423573.compiler.options

Host: AMD Ryzen 5 3500U with Radeon Vega Mobile Gfx  , 8 cores, 13G,  Windows 11 , 64 bit Build 22621 (10.0.22621.3958)
Time: Sat Sep  7 12:29:02 2024 India Standard Time elapsed time: 0.034672 seconds (0d 0h 0m 0s)

---------------  T H R E A D  ---------------

Current thread (0x000001f7b1e7a5d0):  JavaThread "Unknown thread" [_thread_in_vm, id=792, stack(0x000000e8fd600000,0x000000e8fd700000)]

Stack: [0x000000e8fd600000,0x000000e8fd700000]
Native frames: (J=compiled Java code, j=interpreted, Vv=VM code, C=native code)
V  [jvm.dll+0x677a5a]
V  [jvm.dll+0x7d8b2d]
V  [jvm.dll+0x7da48e]
V  [jvm.dll+0x7daaf3]
V  [jvm.dll+0x2455ff]
V  [jvm.dll+0x6749b9]
V  [jvm.dll+0x669382]
V  [jvm.dll+0x302e96]
V  [jvm.dll+0x30a416]
V  [jvm.dll+0x359cbe]
V  [jvm.dll+0x359eef]
V  [jvm.dll+0x2d9e88]
V  [jvm.dll+0x2dadf4]
V  [jvm.dll+0x7aa551]
V  [jvm.dll+0x367911]
V  [jvm.dll+0x789639]
V  [jvm.dll+0x3eb30f]
V  [jvm.dll+0x3ecd91]
C  [jli.dll+0x5297]
C  [ucrtbase.dll+0x29333]
C  [KERNEL32.DLL+0x1257d]
C  [ntdll.dll+0x5af28]


---------------  P R O C E S S  ---------------

Threads class SMR info:
_java_thread_list=0x00007ffccf9d6a18, length=0, elements={
}

Java Threads: ( => current thread )

Other Threads:
  0x000001f7b1eda690 GCTaskThread "GC Thread#0" [stack: 0x000000e8fd700000,0x000000e8fd800000] [id=1432]
  0x000001f7b1ee9470 ConcurrentGCThread "G1 Main Marker" [stack: 0x000000e8fd800000,0x000000e8fd900000] [id=1412]
  0x000001f7b1eeae90 ConcurrentGCThread "G1 Conc#0" [stack: 0x000000e8fd900000,0x000000e8fda00000] [id=3576]

[error occurred during error reporting (printing all threads), id 0xc0000005, EXCEPTION_ACCESS_VIOLATION (0xc0000005) at pc=0x00007ffccf20aae7]

VM state: not at safepoint (not fully initialized)

VM Mutex/Monitor currently owned by a thread:  ([mutex/lock_event])
[0x000001f7b1e76130] Heap_lock - owner thread: 0x000001f7b1e7a5d0

Heap address: 0x0000000721600000, size: 3562 MB, Compressed Oops mode: Zero based, Oop shift amount: 3

CDS archive(s) mapped at: [0x0000000000000000-0x0000000000000000-0x0000000000000000), size 0, SharedBaseAddress: 0x0000000800000000, ArchiveRelocationMode: 1.
Narrow klass base: 0x0000000000000000, Narrow klass shift: 0, Narrow klass range: 0x0

GC Precious Log:
<Empty>

Heap:
 garbage-first heap   total 0K, used 0K [0x0000000721600000, 0x0000000800000000)
  region size 2048K, 0 young (0K), 0 survivors (0K)

[error occurred during error reporting (printing heap information), id 0xc0000005, EXCEPTION_ACCESS_VIOLATION (0xc0000005) at pc=0x00007ffccf5f1249]

GC Heap History (0 events):
No events

Deoptimization events (0 events):
No events

Classes unloaded (0 events):
No events

Classes redefined (0 events):
No events

Internal exceptions (0 events):
No events

VM Operations (0 events):
No events

Events (1 events):
Event: 0.022 Loaded shared library C:\Program Files\Java\jdk-17\bin\java.dll


Dynamic libraries:
0x00007ff6c60d0000 - 0x00007ff6c60e0000 	C:\Program Files\Java\jdk-17\bin\java.exe
0x00007ffd10150000 - 0x00007ffd10367000 	C:\WINDOWS\SYSTEM32\ntdll.dll
0x00007ffd0e9d0000 - 0x00007ffd0ea94000 	C:\WINDOWS\System32\KERNEL32.DLL
0x00007ffd0d5d0000 - 0x00007ffd0d97d000 	C:\WINDOWS\System32\KERNELBASE.dll
0x00007ffd07c30000 - 0x00007ffd07cc7000 	C:\WINDOWS\SYSTEM32\apphelp.dll
0x00007ffd0dcc0000 - 0x00007ffd0ddd1000 	C:\WINDOWS\System32\ucrtbase.dll
0x00007ffcdd5e0000 - 0x00007ffcdd5f9000 	C:\Program Files\Java\jdk-17\bin\jli.dll
0x00007ffd0fd30000 - 0x00007ffd0fde2000 	C:\WINDOWS\System32\ADVAPI32.dll
0x00007ffd0fc70000 - 0x00007ffd0fd17000 	C:\WINDOWS\System32\msvcrt.dll
0x00007ffd0de80000 - 0x00007ffd0df29000 	C:\WINDOWS\System32\sechost.dll
0x00007ffd0d980000 - 0x00007ffd0d9a8000 	C:\WINDOWS\System32\bcrypt.dll
0x00007ffd0e160000 - 0x00007ffd0e274000 	C:\WINDOWS\System32\RPCRT4.dll
0x00007ffd0fa60000 - 0x00007ffd0fc0e000 	C:\WINDOWS\System32\USER32.dll
0x00007ffd0d4e0000 - 0x00007ffd0d506000 	C:\WINDOWS\System32\win32u.dll
0x00007ffd0ffa0000 - 0x00007ffd0ffc9000 	C:\WINDOWS\System32\GDI32.dll
0x00007ffd0dba0000 - 0x00007ffd0dcb9000 	C:\WINDOWS\System32\gdi32full.dll
0x00007ffd0dde0000 - 0x00007ffd0de7a000 	C:\WINDOWS\System32\msvcp_win.dll
0x00007ffce40c0000 - 0x00007ffce40db000 	C:\Program Files\Java\jdk-17\bin\VCRUNTIME140.dll
0x00007ffcf4fb0000 - 0x00007ffcf5243000 	C:\WINDOWS\WinSxS\amd64_microsoft.windows.common-controls_6595b64144ccf1df_6.0.22621.3672_none_2713b9d173822955\COMCTL32.dll
0x00007ffd058a0000 - 0x00007ffd058aa000 	C:\WINDOWS\SYSTEM32\VERSION.dll
0x00007ffd0fdf0000 - 0x00007ffd0fe21000 	C:\WINDOWS\System32\IMM32.DLL
0x00007ffd07e30000 - 0x00007ffd07e3c000 	C:\Program Files\Java\jdk-17\bin\vcruntime140_1.dll
0x00007ffccfb00000 - 0x00007ffccfb8e000 	C:\Program Files\Java\jdk-17\bin\msvcp140.dll
0x00007ffccef20000 - 0x00007ffccfaff000 	C:\Program Files\Java\jdk-17\bin\server\jvm.dll
0x00007ffd0fd20000 - 0x00007ffd0fd28000 	C:\WINDOWS\System32\PSAPI.DLL
0x00007ffcf9310000 - 0x00007ffcf9319000 	C:\WINDOWS\SYSTEM32\WSOCK32.dll
0x00007ffd0e790000 - 0x00007ffd0e801000 	C:\WINDOWS\System32\WS2_32.dll
0x00007ffd091d0000 - 0x00007ffd09204000 	C:\WINDOWS\SYSTEM32\WINMM.dll
0x00007ffd0c490000 - 0x00007ffd0c4a8000 	C:\WINDOWS\SYSTEM32\kernel.appcore.dll
0x00007ffcf9340000 - 0x00007ffcf934a000 	C:\Program Files\Java\jdk-17\bin\jimage.dll
0x00007ffd08200000 - 0x00007ffd08432000 	C:\WINDOWS\SYSTEM32\DBGHELP.DLL
0x00007ffd0e280000 - 0x00007ffd0e60e000 	C:\WINDOWS\System32\combase.dll
0x00007ffd0fec0000 - 0x00007ffd0ff97000 	C:\WINDOWS\System32\OLEAUT32.dll
0x00007ffcf5610000 - 0x00007ffcf5642000 	C:\WINDOWS\SYSTEM32\dbgcore.DLL
0x00007ffd0d9b0000 - 0x00007ffd0da2b000 	C:\WINDOWS\System32\bcryptPrimitives.dll
0x00007ffcdbad0000 - 0x00007ffcdbaf5000 	C:\Program Files\Java\jdk-17\bin\java.dll

dbghelp: loaded successfully - version: 4.0.5 - missing functions: none
symbol engine: initialized successfully - sym options: 0x614 - pdb path: .;C:\Program Files\Java\jdk-17\bin;C:\WINDOWS\SYSTEM32;C:\WINDOWS\WinSxS\amd64_microsoft.windows.common-controls_6595b64144ccf1df_6.0.22621.3672_none_2713b9d173822955;C:\Program Files\Java\jdk-17\bin\server

VM Arguments:
java_command: org.jetbrains.kotlin.cli.jvm.K2JVMCompiler @C:\Users\91738\OneDrive\Desktop\IPO\node_modules\react-native-safe-area-context\android\build\20240907_15868498302189423573.compiler.options
java_class_path (initial): C:\Users\91738\.gradle\caches\modules-2\files-2.1\org.jetbrains.kotlin\kotlin-compiler-embeddable\1.9.24\78dab849090e6c5e2eadb6e59a11cdc28fb67a08\kotlin-compiler-embeddable-1.9.24.jar;C:\Users\91738\.gradle\caches\modules-2\files-2.1\org.jetbrains.kotlin\kotlin-stdlib\1.9.24\9928532f12c66ad816a625b3f9984f8368ca6d2b\kotlin-stdlib-1.9.24.jar;C:\Users\91738\.gradle\caches\modules-2\files-2.1\org.jetbrains.kotlin\kotlin-script-runtime\1.9.24\96771497da90fbc5af1c90fce148db2595a62502\kotlin-script-runtime-1.9.24.jar;C:\Users\91738\.gradle\caches\modules-2\files-2.1\org.jetbrains.kotlin\kotlin-reflect\1.6.10\1cbe9c92c12a94eea200d23c2bbaedaf3daf5132\kotlin-reflect-1.6.10.jar;C:\Users\91738\.gradle\caches\modules-2\files-2.1\org.jetbrains.kotlin\kotlin-daemon-embeddable\1.9.24\86685b9c5e8d170925bd9ddbdc263374a6a73281\kotlin-daemon-embeddable-1.9.24.jar;C:\Users\91738\.gradle\caches\modules-2\files-2.1\org.jetbrains.intellij.deps\trove4j\1.0.20200330\3afb14d5f9ceb459d724e907a21145e8ff394f02\trove4j-1.0.20200330.jar;C:\Users\91738\.gradle\caches\modules-2\files-2.1\org.jetbrains\annotations\13.0\919f0dfe192fb4e063e7dacadee7f8bb9a2672a9\annotations-13.0.jar
Launcher Type: SUN_STANDARD

[Global flags]
     intx CICompilerCount                          = 4                                         {product} {ergonomic}
     uint ConcGCThreads                            = 2                                         {product} {ergonomic}
     uint G1ConcRefinementThreads                  = 8                                         {product} {ergonomic}
   size_t G1HeapRegionSize                         = 2097152                                   {product} {ergonomic}
    uintx GCDrainStackTargetSize                   = 64                                        {product} {ergonomic}
   size_t InitialHeapSize                          = 234881024                                 {product} {ergonomic}
   size_t MarkStackSize                            = 4194304                                   {product} {ergonomic}
   size_t MaxHeapSize                              = 3735027712                                {product} {ergonomic}
   size_t MinHeapDeltaBytes                        = 2097152                                   {product} {ergonomic}
   size_t MinHeapSize                              = 8388608                                   {product} {ergonomic}
    uintx NonNMethodCodeHeapSize                   = 5839372                                {pd product} {ergonomic}
    uintx NonProfiledCodeHeapSize                  = 122909434                              {pd product} {ergonomic}
    uintx ProfiledCodeHeapSize                     = 122909434                              {pd product} {ergonomic}
    uintx ReservedCodeCacheSize                    = 251658240                              {pd product} {ergonomic}
     bool SegmentedCodeCache                       = true                                      {product} {ergonomic}
   size_t SoftMaxHeapSize                          = 3735027712                             {manageable} {ergonomic}
     bool UseCompressedClassPointers               = true                           {product lp64_product} {ergonomic}
     bool UseCompressedOops                        = true                           {product lp64_product} {ergonomic}
     bool UseG1GC                                  = true                                      {product} {ergonomic}
     bool UseLargePagesIndividualAllocation        = false                                  {pd product} {ergonomic}

Logging:
Log output configuration:
 #0: stdout all=warning uptime,level,tags
 #1: stderr all=off uptime,level,tags

Environment Variables:
JAVA_HOME=C:\Program Files\Java\jdk-17
CLASSPATH=C:\Users\91738\OneDrive\Desktop\IPO\android\\gradle\wrapper\gradle-wrapper.jar
PATH=C:\Users\91738\OneDrive\Desktop\IPO\node_modules\.bin;C:\Users\91738\OneDrive\Desktop\IPO\node_modules\.bin;C:\Users\91738\OneDrive\Desktop\node_modules\.bin;C:\Users\91738\OneDrive\node_modules\.bin;C:\Users\91738\node_modules\.bin;C:\Users\node_modules\.bin;C:\node_modules\.bin;C:\Users\91738\AppData\Roaming\npm\node_modules\npm\node_modules\@npmcli\run-script\lib\node-gyp-bin;C:\Users\91738\OneDrive\Desktop\IPO\node_modules\.bin;C:\Users\91738\OneDrive\Desktop\node_modules\.bin;C:\Users\91738\OneDrive\node_modules\.bin;C:\Users\91738\node_modules\.bin;C:\Users\node_modules\.bin;C:\node_modules\.bin;C:\Users\91738\AppData\Roaming\npm\node_modules\npm\node_modules\@npmcli\run-script\lib\node-gyp-bin;C:\Program Files\Common Files\Oracle\Java\javapath;C:\Python312\Scripts\;C:\Python312\;C:\Users\91738\AppData\Local\Android\Sdk\emulator;C:\Python310\Scripts\;C:\Python310\;D:\PYTHON 2;C:\MinGW\bin;C:\WINDOWS\system32;C:\WINDOWS;C:\WINDOWS\System32\Wbem;C:\WINDOWS\System32\WindowsPowerShell\v1.0\;C:\WINDOWS\System32\OpenSSH\;C:\ProgramData\chocolatey\bin;C:\Android\android-sdk\tools;C:\Android\android-sdk\platform-tools;C:\Android\android-sdk\tools\bin;C:\Program Files\gradle-7.5.1\bin;C:\Program Files\Git\cmd;C:\Users\91738\AppData\Local\Android\Sdk\platform-tools;C:\Users\91738\AppData\Local\Android\Sdk;C:\Program Files\Microsoft SQL Server\150\Tools\Binn\;C:\Program Files\nodejs\;C:\Program Files\Java\jdk-17;C:\Program Files\Java\jdk-17\bin;C:\Program Files\Amazon\AWSCLIV2\;C:\Users\91738\AppData\Local\Programs\Python\Python311\Scripts\;C:\Users\91738\AppData\Local\Programs\Python\Python311\;C:\Users\91738\AppData\Local\Android\Sdk\tools;C:\Users\91738\AppData\Local\Microsoft\WindowsApps;C:\Program Files\JetBrains\PyCharm Community Edition 2021.1.2\bin;;C:\Microsoft VS Code\bin;C:\Users\91738\AppData\Local\Android\Sdk\platform-tools;C:\Users\91738\AppData\Local\Android\Sdk\emulator;C:\Users\91738\AppData\Local\Android\Sdk\platform-tools;C:\Users\91738\AppData\Roami
USERNAME=91738
LANG=en_US.UTF-8
OS=Windows_NT
PROCESSOR_IDENTIFIER=AMD64 Family 23 Model 24 Stepping 1, AuthenticAMD



---------------  S Y S T E M  ---------------

OS:
 Windows 11 , 64 bit Build 22621 (10.0.22621.3958)
OS uptime: 0 days 2:52 hours
Hyper-V role detected

CPU: total 8 (initial active 8) (8 cores per cpu, 2 threads per core) family 23 model 24 stepping 1 microcode 0x0, cx8, cmov, fxsr, ht, mmx, 3dnowpref, sse, sse2, sse3, ssse3, sse4a, sse4.1, sse4.2, popcnt, lzcnt, tsc, tscinvbit, avx, avx2, aes, clmul, bmi1, bmi2, adx, sha, fma, vzeroupper, clflush, clflushopt, hv

Memory: 4k page, system-wide physical 14247M (4371M free)
TotalPageFile size 14247M (AvailPageFile size 94M)
current process WorkingSet (physical memory assigned to process): 12M, peak: 12M
current process commit charge ("private bytes"): 60M, peak: 284M

vm_info: Java HotSpot(TM) 64-Bit Server VM (17.0.10+11-LTS-240) for windows-amd64 JRE (17.0.10+11-LTS-240), built on Dec 19 2023 21:47:25 by "mach5one" with MS VC++ 17.1 (VS2022)

END.
